<?xml version="1.0" encoding="UTF-8"?>
<!-- Generated by org.testng.reporters.JUnitReportReporter -->
<testsuite hostname="DESKTOP-TSIN61J" failures="0" tests="4" name="api.test.User_Tests" time="18.315" errors="0" timestamp="2023-03-31T15:12:58 IST" skipped="0">
  <testcase classname="api.test.User_Tests" name="testPostUser" time="7.154"/>
  <system-out/>
  <testcase classname="api.test.User_Tests" name="testGetUserByName" time="1.879"/>
  <system-out/>
  <testcase classname="api.test.User_Tests" name="updateUser" time="7.696"/>
  <system-out/>
  <testcase classname="api.test.User_Tests" name="TestdeleteUser" time="1.586"/>
  <system-out/>
</testsuite> <!-- api.test.User_Tests -->
