<?xml version="1.0" encoding="UTF-8"?>
<!-- Generated by org.testng.reporters.JUnitReportReporter -->
<testsuite hostname="DESKTOP-TSIN61J" failures="0" tests="4" name="api.test.User_Tests2" time="14.420" errors="0" timestamp="2023-04-01T12:49:57 IST" skipped="0">
  <testcase classname="api.test.User_Tests2" name="testPostUser" time="7.480"/>
  <system-out/>
  <testcase classname="api.test.User_Tests2" name="testGetUserByName" time="1.854"/>
  <system-out/>
  <testcase classname="api.test.User_Tests2" name="updateUser" time="3.488"/>
  <system-out/>
  <testcase classname="api.test.User_Tests2" name="TestdeleteUser" time="1.598"/>
  <system-out/>
</testsuite> <!-- api.test.User_Tests2 -->
