<?xml version="1.0" encoding="UTF-8"?>
<!-- Generated by org.testng.reporters.JUnitReportReporter -->
<testsuite hostname="DESKTOP-TSIN61J" failures="0" tests="4" name="api.test.User_Tests" time="13.667" errors="0" timestamp="2023-04-01T13:44:34 IST" skipped="0">
  <testcase classname="api.test.User_Tests" name="testPostUser" time="7.225"/>
  <system-out/>
  <testcase classname="api.test.User_Tests" name="testGetUserByName" time="1.654"/>
  <system-out/>
  <testcase classname="api.test.User_Tests" name="updateUser" time="3.191"/>
  <system-out/>
  <testcase classname="api.test.User_Tests" name="TestdeleteUser" time="1.597"/>
  <system-out/>
</testsuite> <!-- api.test.User_Tests -->
